SF:lib/presentation/theme/app_colors.dart
DA:6,0
LF:1
LH:0
end_of_record
SF:lib/presentation/theme/app_theme.dart
DA:10,0
DA:12,14
DA:13,14
DA:15,7
DA:16,7
DA:20,7
DA:25,7
DA:26,7
DA:27,7
DA:28,7
DA:29,7
DA:30,7
DA:31,7
DA:32,7
DA:33,7
DA:34,7
DA:35,7
DA:104,7
DA:106,7
DA:107,7
DA:108,7
DA:109,7
DA:110,7
DA:111,7
DA:112,7
DA:113,7
DA:114,7
DA:115,7
DA:116,7
DA:117,7
DA:118,7
DA:123,7
DA:124,7
DA:125,7
DA:129,7
DA:130,7
DA:135,7
DA:142,7
DA:145,7
DA:146,7
DA:167,7
DA:170,7
DA:171,7
DA:175,7
DA:191,7
DA:192,7
DA:193,7
DA:207,7
DA:210,7
DA:213,7
DA:215,7
DA:219,7
DA:221,7
DA:225,7
DA:227,7
DA:232,7
DA:234,7
DA:238,7
DA:240,7
DA:245,7
DA:250,7
DA:262,7
DA:263,7
DA:266,7
DA:268,7
DA:276,7
DA:277,7
DA:284,7
DA:285,7
DA:296,7
DA:299,7
DA:302,8
DA:303,1
DA:304,1
DA:310,1
DA:316,8
DA:317,1
DA:318,1
DA:324,1
DA:333,7
DA:334,7
DA:336,7
LF:82
LH:81
end_of_record
SF:lib/shared/app_config.dart
DA:11,0
LF:1
LH:0
end_of_record
SF:lib/presentation/theme/app_radius.dart
DA:5,0
LF:1
LH:0
end_of_record
SF:lib/presentation/theme/app_spacing.dart
DA:4,0
LF:1
LH:0
end_of_record
SF:lib/presentation/theme/app_text_styles.dart
DA:9,0
LF:1
LH:0
end_of_record
SF:lib/application/usecases/app_info/get_app_info_usecase.dart
DA:6,4
DA:10,12
LF:2
LH:2
end_of_record
SF:lib/application/usecases/debug/get_debug_settings_usecase.dart
DA:6,7
DA:10,21
DA:11,21
LF:3
LH:3
end_of_record
SF:lib/application/usecases/debug/set_debug_mode_usecase.dart
DA:5,7
DA:9,4
DA:10,8
LF:3
LH:3
end_of_record
SF:lib/application/usecases/debug/set_log_level_usecase.dart
DA:7,7
DA:12,3
DA:13,6
DA:14,6
LF:4
LH:4
end_of_record
SF:lib/application/usecases/language/get_language_preference_usecase.dart
DA:6,7
DA:10,21
LF:2
LH:2
end_of_record
SF:lib/application/usecases/language/set_language_preference_usecase.dart
DA:6,7
DA:10,9
LF:2
LH:2
end_of_record
SF:lib/presentation/viewmodels/about_viewmodel.dart
DA:15,2
DA:24,4
DA:25,4
DA:26,4
DA:28,2
DA:29,4
DA:30,2
DA:31,2
DA:32,2
DA:35,6
DA:36,2
DA:37,4
DA:38,6
DA:40,2
DA:41,4
DA:46,2
DA:47,4
DA:53,2
LF:18
LH:18
end_of_record
SF:lib/presentation/viewmodels/debug_settings_viewmodel.dart
DA:15,6
DA:21,18
DA:22,18
DA:23,18
DA:24,6
DA:25,12
DA:37,6
DA:38,4
DA:40,3
DA:41,9
DA:42,6
DA:43,3
DA:44,3
DA:47,2
DA:48,8
DA:49,4
DA:50,2
DA:51,2
LF:18
LH:18
end_of_record
SF:lib/presentation/viewmodels/debug_viewmodel.dart
DA:15,2
DA:24,4
DA:25,4
DA:26,4
DA:28,2
DA:29,4
DA:30,2
DA:31,2
DA:32,2
DA:35,6
DA:36,2
DA:37,4
DA:38,2
DA:39,4
DA:44,2
DA:45,4
DA:51,2
DA:55,2
DA:56,4
DA:57,4
DA:58,2
LF:21
LH:21
end_of_record
SF:lib/presentation/viewmodels/language_viewmodel.dart
DA:11,6
DA:16,18
DA:17,30
DA:26,4
DA:30,2
DA:31,1
DA:32,1
DA:33,1
DA:36,2
DA:37,4
DA:38,8
DA:39,2
DA:40,4
DA:41,2
LF:14
LH:14
end_of_record
SF:lib/domain/entities/app_info.dart
DA:5,2
LF:1
LH:1
end_of_record
SF:lib/domain/entities/log_entry.dart
DA:5,8
DA:19,4
DA:20,2
DA:21,2
DA:22,2
DA:23,2
DA:24,2
DA:27,2
DA:28,4
DA:29,6
DA:30,4
LF:11
LH:11
end_of_record
SF:lib/domain/errors/app_error.dart
DA:3,4
DA:9,1
DA:14,1
DA:20,4
LF:4
LH:4
end_of_record
SF:lib/application/usecases/theme/get_theme_preference_usecase.dart
DA:6,7
DA:10,21
LF:2
LH:2
end_of_record
SF:lib/application/usecases/theme/set_theme_preference_usecase.dart
DA:6,7
DA:10,9
LF:2
LH:2
end_of_record
SF:lib/presentation/viewmodels/theme_viewmodel.dart
DA:10,6
DA:15,24
DA:16,30
DA:25,12
DA:27,2
DA:28,4
DA:29,8
DA:30,2
DA:31,6
DA:32,2
DA:37,6
DA:38,6
DA:39,1
DA:40,1
DA:43,2
DA:44,2
DA:45,2
DA:46,2
LF:18
LH:18
end_of_record
SF:lib/presentation/l10n/app_localizations.dart
DA:18,1
DA:32,6
DA:33,6
DA:179,1
DA:181,6
DA:182,6
DA:183,24
DA:186,6
DA:188,12
DA:189,6
DA:194,2
LF:11
LH:11
end_of_record
SF:lib/presentation/l10n/app_localizations_en.dart
DA:5,1
DA:8,2
DA:10,2
DA:12,2
DA:14,2
DA:18,3
DA:20,2
DA:22,2
DA:24,2
DA:26,2
DA:30,2
DA:32,2
DA:37,2
DA:39,2
DA:41,2
DA:43,2
DA:45,2
DA:47,2
DA:49,2
DA:51,2
DA:55,2
DA:57,2
DA:59,2
DA:63,2
DA:65,2
DA:67,2
DA:69,2
DA:71,2
DA:73,2
DA:75,2
DA:77,2
DA:79,2
DA:81,2
DA:83,2
DA:85,2
DA:87,2
DA:91,2
DA:93,2
DA:97,2
DA:99,2
DA:101,2
DA:103,2
DA:105,2
DA:107,2
DA:109,2
DA:111,3
DA:113,2
DA:115,1
DA:119,2
DA:121,2
DA:124,2
DA:126,2
DA:128,2
DA:130,2
DA:132,2
DA:134,2
DA:136,2
DA:138,2
DA:140,2
DA:142,2
DA:144,2
DA:146,2
DA:148,2
DA:150,2
DA:152,2
DA:154,2
DA:156,2
DA:158,2
DA:160,2
DA:162,2
DA:164,2
DA:166,2
DA:168,2
DA:170,2
DA:172,2
DA:174,2
DA:176,2
DA:178,2
DA:180,2
DA:184,2
DA:186,2
DA:188,2
DA:190,2
DA:192,2
DA:194,2
DA:196,2
DA:198,2
DA:200,2
DA:202,2
DA:204,2
DA:206,2
DA:208,2
DA:210,2
DA:212,2
DA:214,2
DA:216,2
DA:218,2
DA:222,2
DA:224,2
DA:226,2
DA:228,2
DA:230,2
DA:232,2
DA:234,2
DA:236,2
DA:238,2
DA:242,1
DA:244,1
DA:249,4
DA:251,2
DA:253,2
DA:255,1
DA:257,1
DA:259,1
DA:261,1
DA:263,1
LF:116
LH:116
end_of_record
SF:lib/presentation/l10n/app_localizations_ja.dart
DA:5,1
DA:8,1
DA:10,1
DA:12,1
DA:14,1
DA:18,1
DA:20,1
DA:22,1
DA:24,1
DA:26,1
DA:30,1
DA:32,1
DA:36,1
DA:38,1
DA:40,1
DA:42,1
DA:44,1
DA:46,1
DA:48,1
DA:50,1
DA:54,1
DA:56,1
DA:58,1
DA:62,1
DA:64,1
DA:66,1
DA:68,1
DA:70,1
DA:72,1
DA:74,1
DA:76,1
DA:78,1
DA:80,1
DA:82,1
DA:84,1
DA:86,1
DA:90,1
DA:92,1
DA:96,1
DA:98,1
DA:100,1
DA:102,1
DA:104,1
DA:106,1
DA:108,1
DA:110,1
DA:112,1
DA:114,1
DA:118,1
DA:120,1
DA:122,1
DA:124,1
DA:126,1
DA:128,1
DA:130,1
DA:132,1
DA:134,1
DA:136,1
DA:138,1
DA:140,1
DA:142,1
DA:144,1
DA:146,1
DA:148,1
DA:150,1
DA:152,1
DA:154,1
DA:156,1
DA:158,1
DA:160,1
DA:162,1
DA:164,1
DA:166,1
DA:168,1
DA:170,1
DA:172,1
DA:174,1
DA:176,1
DA:178,1
DA:182,1
DA:184,1
DA:186,1
DA:188,1
DA:190,1
DA:192,1
DA:194,1
DA:196,1
DA:198,1
DA:200,1
DA:202,1
DA:204,1
DA:206,1
DA:208,1
DA:210,1
DA:212,1
DA:214,1
DA:216,1
DA:220,1
DA:222,1
DA:224,1
DA:226,1
DA:228,1
DA:230,1
DA:232,1
DA:234,1
DA:236,1
DA:240,1
DA:242,1
DA:246,1
DA:248,1
DA:250,1
DA:252,1
DA:254,1
DA:256,1
DA:258,1
DA:260,1
LF:116
LH:116
end_of_record
SF:lib/presentation/pages/system/debug_page.dart
DA:14,1
DA:16,1
DA:17,1
DA:23,1
DA:25,1
DA:26,1
DA:27,4
DA:28,1
DA:29,2
DA:30,2
DA:33,1
DA:35,3
DA:36,1
DA:39,1
DA:40,3
DA:43,1
DA:45,2
DA:46,1
DA:47,1
DA:48,1
DA:49,1
DA:50,1
DA:51,1
DA:53,1
DA:54,1
DA:58,1
DA:60,1
DA:62,1
DA:64,1
DA:67,1
DA:69,1
DA:70,1
DA:73,1
DA:74,1
DA:75,1
DA:76,4
DA:87,2
DA:89,2
DA:90,1
DA:91,2
DA:92,3
DA:93,4
DA:95,2
DA:100,2
DA:102,1
DA:103,1
DA:104,1
DA:105,1
DA:106,1
DA:107,3
DA:108,0
DA:109,1
DA:112,1
DA:113,1
DA:114,2
DA:115,1
DA:117,1
DA:118,1
DA:121,1
DA:122,1
DA:124,2
DA:128,1
DA:129,2
DA:130,3
DA:136,1
DA:137,1
DA:138,2
DA:146,2
DA:148,1
DA:149,1
DA:151,1
DA:152,2
DA:153,2
DA:157,1
DA:158,1
DA:160,3
DA:163,1
DA:164,1
DA:166,1
DA:173,1
DA:174,2
DA:175,1
DA:176,1
DA:177,1
DA:178,2
DA:179,2
DA:180,2
DA:181,2
DA:182,2
DA:183,2
DA:184,1
DA:185,2
DA:186,3
DA:188,1
DA:189,1
DA:190,3
DA:191,1
DA:192,1
DA:193,2
DA:194,3
DA:202,1
DA:203,2
DA:205,2
DA:206,1
DA:207,3
DA:208,4
DA:209,4
DA:210,4
DA:211,4
DA:212,4
DA:213,4
DA:214,4
DA:215,4
DA:216,2
DA:219,1
DA:220,1
DA:221,1
DA:222,1
DA:223,3
DA:226,1
DA:227,2
DA:228,1
DA:229,1
DA:230,2
DA:231,2
DA:232,2
DA:233,1
DA:234,1
DA:235,3
DA:236,2
DA:238,1
DA:239,0
DA:240,2
DA:245,1
DA:250,1
DA:260,1
DA:262,1
DA:264,1
DA:265,1
DA:267,1
DA:268,1
DA:269,4
DA:270,3
DA:275,1
DA:277,1
DA:278,1
DA:279,1
DA:280,3
DA:290,1
DA:292,1
DA:293,4
DA:294,4
DA:295,3
DA:296,4
LF:154
LH:152
end_of_record
SF:lib/presentation/app_scope.dart
DA:20,5
DA:48,4
DA:49,4
DA:51,0
DA:60,0
DA:62,0
DA:63,0
DA:64,0
DA:65,0
LF:9
LH:3
end_of_record
SF:lib/presentation/pages/main_page.dart
DA:14,0
DA:16,1
DA:17,1
DA:23,1
DA:25,1
DA:26,1
DA:27,1
DA:28,1
DA:32,1
DA:33,1
DA:37,1
DA:38,1
DA:43,1
DA:45,2
DA:46,1
DA:48,3
DA:51,1
DA:52,1
DA:53,1
DA:54,1
DA:55,2
DA:57,3
DA:58,1
DA:61,1
DA:62,1
DA:64,1
DA:65,1
DA:69,1
DA:70,2
DA:71,1
DA:72,1
DA:74,2
DA:75,1
DA:76,1
DA:78,1
DA:79,1
DA:80,1
DA:82,2
DA:83,1
DA:84,3
DA:85,2
DA:88,1
DA:89,1
DA:91,2
DA:92,1
DA:93,3
DA:94,2
DA:97,1
DA:98,1
DA:100,2
DA:101,1
DA:102,3
DA:103,2
DA:108,1
DA:109,1
DA:110,1
DA:112,1
DA:113,2
DA:114,3
DA:117,1
DA:118,1
DA:120,1
DA:121,2
DA:122,1
DA:125,1
DA:126,1
DA:127,1
DA:129,1
DA:130,2
DA:131,3
DA:134,1
DA:135,1
DA:137,1
DA:138,2
DA:139,1
DA:140,2
DA:149,1
DA:150,1
DA:151,1
DA:152,1
DA:153,3
DA:155,1
DA:156,2
DA:157,2
DA:158,2
DA:159,1
DA:162,1
DA:168,1
DA:169,1
DA:170,1
DA:171,1
DA:172,1
DA:181,1
DA:183,1
DA:185,1
DA:186,1
DA:188,1
DA:189,1
DA:190,1
DA:194,1
DA:195,1
DA:197,1
DA:198,1
DA:200,3
DA:203,1
DA:204,1
DA:205,3
DA:211,2
DA:213,1
DA:214,1
DA:215,1
DA:219,1
DA:220,1
DA:221,1
DA:225,1
DA:226,1
DA:227,1
DA:230,1
DA:231,1
DA:232,1
DA:234,1
DA:237,1
DA:238,1
DA:239,1
DA:241,0
DA:249,1
DA:251,1
DA:253,1
DA:254,1
DA:256,1
DA:257,1
DA:258,1
DA:259,1
DA:260,1
DA:264,2
DA:272,1
DA:274,1
DA:276,1
DA:277,1
DA:278,1
DA:279,1
DA:280,1
DA:281,1
DA:283,1
DA:284,2
DA:287,2
DA:289,1
DA:291,2
DA:292,1
DA:293,1
DA:294,1
DA:295,1
DA:298,1
DA:299,1
DA:302,1
DA:303,1
DA:306,1
DA:307,1
DA:310,1
DA:311,1
DA:314,1
DA:315,1
DA:323,2
DA:325,1
DA:327,2
DA:328,1
DA:329,1
DA:330,1
DA:331,1
DA:334,1
DA:335,1
DA:338,1
DA:339,1
DA:342,1
DA:343,1
DA:346,1
DA:347,1
DA:350,1
DA:351,1
DA:358,1
DA:360,1
DA:361,1
DA:364,1
DA:366,1
DA:368,2
DA:370,1
DA:371,1
DA:372,1
DA:373,1
DA:374,1
DA:375,1
DA:376,1
DA:378,3
DA:380,1
DA:381,1
DA:382,3
DA:384,1
DA:385,1
DA:386,3
DA:394,1
DA:395,1
DA:396,1
DA:406,1
DA:407,1
DA:409,1
DA:410,3
DA:413,1
DA:414,1
DA:416,2
DA:418,1
DA:420,2
DA:421,1
DA:422,1
DA:424,1
DA:425,1
DA:427,2
DA:428,2
DA:432,1
DA:433,1
DA:435,2
DA:436,2
DA:449,1
DA:463,1
DA:465,3
DA:466,2
DA:467,1
DA:468,1
DA:469,1
DA:470,2
DA:472,1
DA:473,1
DA:474,4
DA:475,2
DA:480,2
DA:481,1
DA:483,1
DA:485,4
DA:495,1
DA:509,1
DA:511,3
DA:512,2
DA:513,1
DA:514,1
DA:515,1
DA:516,2
DA:518,1
DA:519,1
DA:520,4
DA:521,2
DA:526,2
DA:527,1
DA:529,1
DA:531,4
DA:541,1
DA:546,1
DA:548,1
DA:549,2
DA:550,1
DA:551,1
DA:552,1
DA:553,1
DA:554,1
DA:555,1
DA:557,1
DA:558,2
DA:559,1
DA:560,1
DA:561,3
DA:563,1
DA:564,1
DA:566,1
DA:567,2
DA:570,1
DA:571,1
DA:572,2
DA:574,1
DA:585,1
LF:277
LH:275
end_of_record
SF:lib/presentation/widgets/ui/app_card.dart
DA:6,4
DA:19,4
DA:21,4
DA:22,4
DA:23,4
DA:24,4
DA:25,4
DA:27,4
DA:29,4
DA:30,4
DA:41,3
DA:56,3
DA:58,3
DA:60,3
DA:61,3
DA:62,15
DA:63,3
DA:64,10
DA:66,3
DA:68,3
DA:69,3
LF:21
LH:21
end_of_record
SF:lib/presentation/widgets/ui/app_drawer.dart
DA:7,2
DA:22,2
DA:24,4
DA:25,2
DA:26,2
DA:27,2
DA:28,2
DA:29,2
DA:30,2
DA:31,2
DA:33,5
DA:36,2
DA:37,2
DA:39,2
DA:41,8
DA:45,8
DA:47,8
DA:48,2
DA:58,2
DA:70,2
DA:72,2
DA:79,2
DA:80,2
DA:81,2
DA:82,2
DA:84,2
DA:85,10
DA:86,2
DA:87,2
DA:88,2
DA:89,8
DA:90,4
DA:96,2
DA:98,2
DA:99,4
DA:108,2
DA:111,2
DA:113,4
DA:115,4
DA:122,2
DA:123,4
DA:124,2
DA:125,4
DA:126,4
DA:127,2
DA:128,2
DA:131,2
DA:132,4
DA:133,8
DA:134,8
DA:135,4
DA:138,4
DA:139,2
DA:146,4
DA:152,2
DA:161,1
LF:56
LH:56
end_of_record
SF:lib/presentation/widgets/ui/app_footer.dart
DA:9,1
DA:13,1
DA:15,2
DA:16,3
DA:17,1
DA:18,1
DA:19,1
DA:21,1
DA:26,1
DA:29,1
DA:30,1
DA:31,2
DA:32,1
DA:33,1
DA:34,1
DA:35,4
DA:36,1
DA:42,1
DA:51,1
DA:58,0
DA:60,1
DA:62,1
DA:63,1
DA:64,1
DA:65,1
DA:66,1
DA:67,3
DA:69,1
DA:70,1
DA:71,2
LF:30
LH:29
end_of_record
SF:lib/presentation/widgets/ui/app_license_launcher.dart
DA:11,2
DA:12,2
DA:22,1
DA:24,2
DA:26,2
DA:28,2
LF:6
LH:6
end_of_record
SF:lib/presentation/widgets/ui/app_header.dart
DA:6,4
DA:19,5
DA:21,17
DA:23,5
DA:25,10
DA:26,5
DA:27,10
DA:28,5
DA:29,5
DA:30,5
DA:31,5
DA:32,5
DA:33,5
DA:40,3
DA:53,3
DA:55,3
DA:60,3
DA:61,3
DA:62,3
DA:63,3
DA:65,3
DA:66,15
DA:67,3
DA:68,10
DA:72,4
DA:73,4
LF:26
LH:26
end_of_record
SF:lib/shared/build_info.dart
DA:7,0
LF:1
LH:0
end_of_record
SF:lib/presentation/widgets/ui/app_primary_button.dart
DA:6,4
DA:21,4
DA:23,4
DA:24,1
DA:27,1
DA:29,1
DA:30,3
DA:34,4
DA:35,1
DA:37,1
DA:38,2
DA:40,2
DA:43,8
DA:45,4
DA:46,4
DA:48,4
DA:49,8
DA:58,2
DA:73,2
DA:75,2
DA:76,1
DA:79,1
DA:81,1
DA:82,3
DA:86,2
DA:87,1
DA:89,1
DA:90,2
DA:92,2
DA:95,4
DA:97,2
DA:98,2
DA:100,2
DA:101,4
LF:34
LH:34
end_of_record
SF:lib/presentation/widgets/ui/app_state_views.dart
DA:8,1
DA:11,3
DA:13,3
DA:14,3
DA:16,3
DA:17,3
DA:18,9
DA:20,4
DA:22,5
DA:32,3
DA:45,3
DA:47,3
DA:48,3
DA:50,3
DA:52,3
DA:53,3
DA:56,9
DA:59,3
DA:60,3
DA:61,9
DA:64,6
DA:66,3
DA:67,9
DA:68,3
DA:80,3
DA:93,3
DA:95,3
DA:96,3
DA:98,3
DA:100,3
DA:101,3
DA:102,3
DA:104,9
DA:107,3
DA:108,3
DA:109,12
DA:110,9
DA:114,5
DA:116,3
LF:39
LH:39
end_of_record
SF:lib/presentation/widgets/ui/app_text_field.dart
DA:5,2
DA:40,2
DA:42,2
DA:43,2
DA:44,2
DA:45,2
DA:46,2
DA:47,2
DA:48,2
DA:49,2
DA:50,2
DA:51,2
DA:53,2
DA:54,2
DA:55,2
DA:56,2
DA:57,2
DA:58,2
DA:59,2
LF:19
LH:19
end_of_record
SF:lib/presentation/pages/system/about_page.dart
DA:13,1
DA:15,1
DA:16,1
DA:25,1
DA:27,1
DA:28,1
DA:29,4
DA:30,1
DA:31,2
DA:32,2
DA:35,1
DA:37,3
DA:38,1
DA:41,1
DA:42,3
DA:45,1
DA:46,3
DA:47,1
DA:48,1
DA:51,2
DA:52,2
DA:53,1
DA:54,1
DA:55,1
DA:56,3
DA:57,5
DA:61,1
DA:63,2
DA:64,1
DA:66,1
DA:67,2
DA:68,2
DA:69,1
DA:70,2
DA:71,3
DA:72,4
DA:74,2
DA:79,1
DA:80,2
DA:81,1
DA:82,1
DA:84,1
DA:86,1
DA:87,1
DA:90,1
DA:91,1
DA:94,1
DA:97,1
DA:102,1
DA:103,1
DA:105,3
DA:109,1
DA:110,1
DA:112,4
DA:113,1
DA:119,1
DA:120,1
DA:121,1
DA:122,1
DA:123,1
DA:124,1
DA:125,1
DA:128,3
DA:130,3
DA:132,1
DA:133,1
DA:134,1
DA:137,3
DA:139,1
DA:140,1
DA:141,1
DA:152,1
DA:156,1
DA:158,1
DA:160,1
DA:161,1
DA:162,1
DA:163,4
DA:164,3
DA:167,5
DA:175,1
DA:185,1
DA:187,1
DA:189,1
DA:190,3
LF:85
LH:85
end_of_record
SF:lib/presentation/pages/system/logs_page.dart
DA:15,1
DA:17,1
DA:18,1
DA:23,4
DA:25,1
DA:27,5
DA:28,1
DA:30,1
DA:31,1
DA:32,1
DA:33,1
DA:34,1
DA:36,1
DA:37,1
DA:39,1
DA:41,1
DA:42,1
DA:46,1
DA:47,1
DA:48,1
DA:49,1
DA:50,4
DA:53,1
DA:54,1
DA:55,1
DA:56,1
DA:59,1
DA:63,1
DA:64,1
DA:65,1
DA:66,2
DA:74,1
DA:75,2
DA:76,1
DA:77,2
DA:79,1
DA:80,1
DA:81,5
DA:84,1
DA:85,2
DA:86,1
DA:87,1
DA:88,2
DA:89,2
DA:90,2
DA:91,1
DA:92,1
DA:93,3
DA:94,2
DA:96,1
DA:97,3
DA:98,2
DA:103,1
DA:104,2
DA:105,1
DA:106,2
DA:107,1
DA:108,1
DA:109,4
DA:118,1
DA:123,1
DA:125,1
DA:126,1
DA:127,1
DA:128,1
DA:129,1
DA:130,1
DA:131,1
DA:132,1
DA:134,1
DA:140,1
DA:142,1
DA:143,2
DA:145,1
DA:147,2
DA:148,3
DA:152,1
DA:159,1
DA:169,1
DA:171,2
DA:172,1
DA:173,2
DA:174,1
DA:175,3
DA:176,1
DA:177,1
DA:178,4
DA:179,3
DA:181,1
DA:182,3
DA:191,1
DA:195,1
DA:196,2
DA:197,2
DA:198,2
DA:199,2
DA:200,1
DA:201,1
DA:202,2
DA:206,1
DA:208,1
DA:209,3
DA:211,1
DA:212,1
DA:213,5
DA:214,2
DA:215,4
DA:218,1
DA:223,1
DA:225,1
DA:227,1
DA:231,1
DA:232,1
DA:235,1
DA:236,2
DA:237,4
DA:244,1
DA:245,1
DA:247,1
DA:248,1
DA:249,2
DA:250,3
DA:252,2
DA:253,1
DA:254,3
DA:255,4
DA:256,3
DA:263,1
DA:265,4
DA:266,3
DA:275,1
DA:276,3
DA:277,3
DA:278,3
DA:279,1
LF:135
LH:135
end_of_record
SF:lib/infrastructure/repositories/shared_preferences_theme_preference_repository.dart
DA:8,1
DA:14,1
DA:16,2
DA:18,1
DA:19,1
DA:24,1
DA:26,3
LF:7
LH:7
end_of_record
SF:lib/infrastructure/repositories/shared_preferences_language_preference_repository.dart
DA:8,1
DA:14,1
DA:16,2
DA:18,1
DA:19,1
DA:24,1
DA:26,3
LF:7
LH:7
end_of_record
SF:lib/infrastructure/logging/persistent_app_logger.dart
DA:20,1
DA:21,2
DA:22,1
DA:23,1
DA:24,1
DA:41,1
DA:42,1
DA:44,1
DA:45,1
DA:51,1
DA:52,1
DA:54,1
DA:55,0
DA:56,0
DA:62,1
DA:64,1
DA:66,1
DA:68,1
DA:70,1
DA:72,1
DA:74,1
DA:76,1
DA:78,1
DA:80,1
DA:82,1
DA:83,2
DA:85,1
DA:87,7
DA:89,1
DA:90,2
DA:92,1
DA:95,1
DA:96,4
DA:97,1
DA:98,2
DA:99,2
DA:101,1
DA:102,1
DA:103,1
DA:104,1
DA:105,3
DA:110,1
DA:113,1
DA:115,1
DA:116,1
DA:117,3
DA:118,3
DA:119,1
DA:120,1
DA:121,0
DA:122,0
DA:128,1
DA:134,4
DA:136,1
DA:137,1
DA:144,2
DA:145,5
DA:148,1
DA:149,2
DA:150,1
DA:151,2
DA:152,1
DA:153,2
DA:154,1
DA:155,2
DA:156,1
DA:157,2
DA:160,1
DA:163,1
DA:164,1
DA:165,1
DA:168,2
DA:169,2
DA:170,0
DA:177,1
DA:179,2
DA:180,0
DA:181,0
DA:182,0
DA:186,1
DA:187,1
DA:188,1
DA:189,1
DA:190,5
DA:191,3
DA:192,1
DA:195,1
DA:198,1
DA:199,1
DA:200,4
DA:201,1
DA:202,1
DA:203,2
DA:204,0
DA:208,1
DA:209,1
DA:210,3
DA:211,2
DA:215,1
DA:216,1
DA:217,4
DA:218,3
DA:219,3
DA:220,3
DA:221,3
DA:222,3
DA:229,1
DA:234,1
DA:236,4
DA:237,3
DA:238,4
LF:111
LH:102
end_of_record
SF:lib/app/bootstrap/app_router.dart
DA:12,0
DA:19,0
DA:20,0
DA:21,0
DA:22,0
DA:23,0
DA:26,0
DA:27,0
DA:30,0
DA:31,0
DA:34,0
DA:35,0
DA:38,0
DA:39,0
DA:47,1
DA:49,0
DA:51,0
DA:52,0
DA:53,0
DA:54,0
LF:20
LH:1
end_of_record
SF:lib/app/bootstrap/app_widget.dart
DA:22,1
DA:24,0
DA:25,0
DA:34,0
DA:36,0
DA:37,0
DA:38,0
DA:39,0
DA:40,0
DA:41,0
DA:42,0
DA:45,0
DA:47,0
DA:48,0
DA:51,0
DA:53,0
DA:56,0
DA:58,0
DA:59,0
DA:60,0
DA:61,0
DA:62,0
DA:63,0
DA:64,0
DA:65,0
DA:66,0
DA:67,0
DA:68,0
DA:69,0
DA:71,0
DA:72,0
DA:73,0
DA:74,0
LF:33
LH:1
end_of_record
SF:lib/app/di/service_locator.dart
DA:28,0
DA:31,0
DA:36,0
DA:38,0
DA:39,0
DA:40,0
DA:41,0
DA:42,0
DA:44,0
DA:45,0
DA:47,0
DA:49,0
DA:51,0
DA:56,0
DA:57,0
DA:59,0
DA:60,0
DA:62,0
DA:63,0
DA:65,0
DA:66,0
DA:68,0
DA:69,0
DA:71,0
DA:72,0
DA:74,0
DA:75,0
DA:77,0
DA:78,0
DA:83,0
DA:84,0
DA:85,0
DA:86,0
DA:87,0
DA:90,0
DA:91,0
DA:92,0
DA:93,0
DA:94,0
DA:97,0
DA:98,0
DA:99,0
DA:100,0
DA:101,0
DA:102,0
DA:105,0
DA:106,0
DA:108,0
DA:109,0
DA:112,0
LF:50
LH:0
end_of_record
SF:lib/infrastructure/infrastructure_module.dart
DA:22,0
DA:35,0
DA:36,0
DA:38,0
DA:40,0
DA:41,0
DA:43,0
DA:46,0
DA:47,0
LF:9
LH:0
end_of_record
SF:lib/infrastructure/repositories/package_info_app_info_repository.dart
DA:9,1
DA:11,0
DA:13,0
DA:17,0
DA:18,0
DA:21,0
LF:6
LH:1
end_of_record
SF:lib/infrastructure/repositories/shared_preferences_debug_settings_repository.dart
DA:8,0
DA:15,0
DA:16,0
DA:18,0
DA:20,0
DA:21,0
DA:22,0
DA:23,0
DA:27,0
DA:29,0
DA:31,0
DA:33,0
LF:12
LH:0
end_of_record
SF:lib/main.dart
DA:7,0
DA:8,0
DA:11,0
DA:16,0
DA:22,0
DA:25,0
DA:27,0
LF:7
LH:0
end_of_record
SF:lib/presentation/licenses/app_license_registry.dart
DA:10,0
DA:13,0
DA:14,0
DA:17,0
LF:4
LH:0
end_of_record
