SF:lib/presentation/theme/app_colors.dart
DA:6,0
LF:1
LH:0
end_of_record
SF:lib/presentation/theme/app_theme.dart
DA:10,0
DA:12,4
DA:13,4
DA:15,2
DA:16,2
DA:20,2
DA:25,2
DA:26,2
DA:27,2
DA:28,2
DA:29,2
DA:30,2
DA:31,2
DA:32,2
DA:33,2
DA:34,2
DA:35,2
DA:104,2
DA:106,2
DA:107,2
DA:108,2
DA:109,2
DA:110,2
DA:111,2
DA:112,2
DA:113,2
DA:114,2
DA:115,2
DA:116,2
DA:117,2
DA:118,2
DA:123,2
DA:124,2
DA:125,2
DA:129,2
DA:130,2
DA:135,2
DA:142,2
DA:145,2
DA:146,2
DA:167,2
DA:170,2
DA:171,2
DA:175,2
DA:191,2
DA:192,2
DA:193,2
DA:207,2
DA:210,2
DA:213,2
DA:215,2
DA:219,2
DA:221,2
DA:225,2
DA:227,2
DA:232,2
DA:234,2
DA:238,2
DA:240,2
DA:245,2
DA:250,2
DA:262,2
DA:263,2
DA:266,2
DA:268,2
DA:276,2
DA:277,2
DA:284,2
DA:285,2
DA:296,2
DA:299,2
DA:302,2
DA:303,0
DA:304,0
DA:310,0
DA:316,2
DA:317,0
DA:318,0
DA:324,0
DA:333,2
DA:334,2
DA:336,2
LF:82
LH:75
end_of_record
SF:lib/shared/app_config.dart
DA:11,0
LF:1
LH:0
end_of_record
SF:lib/presentation/theme/app_radius.dart
DA:5,0
LF:1
LH:0
end_of_record
SF:lib/presentation/theme/app_spacing.dart
DA:4,0
LF:1
LH:0
end_of_record
SF:lib/presentation/theme/app_text_styles.dart
DA:9,0
LF:1
LH:0
end_of_record
SF:lib/application/usecases/theme/get_theme_preference_usecase.dart
DA:6,2
DA:10,6
LF:2
LH:2
end_of_record
SF:lib/application/usecases/theme/set_theme_preference_usecase.dart
DA:6,2
DA:10,6
LF:2
LH:2
end_of_record
SF:lib/presentation/viewmodels/theme_viewmodel.dart
DA:10,1
DA:15,4
DA:16,5
DA:25,2
DA:27,1
DA:28,2
DA:29,4
DA:30,1
DA:31,3
DA:32,1
DA:37,1
DA:38,1
DA:39,1
DA:40,1
DA:43,1
DA:44,1
DA:45,1
DA:46,1
LF:18
LH:18
end_of_record
SF:lib/domain/entities/log_entry.dart
DA:5,2
DA:19,2
DA:20,1
DA:21,1
DA:22,1
DA:23,1
DA:24,1
DA:27,1
DA:28,2
DA:29,3
DA:30,3
LF:11
LH:11
end_of_record
SF:lib/infrastructure/repositories/shared_preferences_theme_preference_repository.dart
DA:8,1
DA:14,1
DA:16,2
DA:18,1
DA:19,1
DA:24,1
DA:26,3
LF:7
LH:7
end_of_record
SF:lib/infrastructure/repositories/shared_preferences_language_preference_repository.dart
DA:8,1
DA:14,1
DA:16,2
DA:18,1
DA:19,1
DA:24,1
DA:26,3
LF:7
LH:7
end_of_record
SF:lib/infrastructure/logging/persistent_app_logger.dart
DA:20,1
DA:21,2
DA:22,1
DA:23,1
DA:24,1
DA:41,1
DA:42,1
DA:44,1
DA:45,1
DA:51,1
DA:52,1
DA:54,1
DA:55,0
DA:56,0
DA:62,1
DA:64,1
DA:66,1
DA:68,1
DA:70,1
DA:72,1
DA:74,1
DA:76,1
DA:78,1
DA:80,1
DA:82,1
DA:83,2
DA:85,1
DA:87,7
DA:89,1
DA:90,2
DA:92,1
DA:95,1
DA:96,4
DA:97,1
DA:98,2
DA:99,2
DA:101,1
DA:102,1
DA:103,1
DA:104,1
DA:105,3
DA:110,1
DA:113,1
DA:115,1
DA:116,1
DA:117,3
DA:118,3
DA:119,1
DA:120,1
DA:121,0
DA:122,0
DA:128,1
DA:134,4
DA:136,1
DA:137,1
DA:144,2
DA:145,5
DA:148,1
DA:149,2
DA:150,1
DA:151,2
DA:152,1
DA:153,2
DA:154,1
DA:155,2
DA:156,1
DA:157,2
DA:160,1
DA:163,1
DA:164,1
DA:165,1
DA:168,2
DA:169,2
DA:170,0
DA:177,1
DA:179,2
DA:180,0
DA:181,0
DA:182,0
DA:186,1
DA:187,1
DA:188,1
DA:189,1
DA:190,5
DA:191,3
DA:192,1
DA:195,1
DA:198,1
DA:199,1
DA:200,4
DA:201,1
DA:202,1
DA:203,2
DA:204,0
DA:208,1
DA:209,1
DA:210,3
DA:211,2
DA:215,1
DA:216,1
DA:217,4
DA:218,3
DA:219,3
DA:220,3
DA:221,3
DA:222,3
DA:229,1
DA:234,1
DA:236,4
DA:237,3
DA:238,4
LF:111
LH:102
end_of_record
SF:lib/application/usecases/app_info/get_app_info_usecase.dart
DA:6,1
DA:10,3
LF:2
LH:2
end_of_record
SF:lib/domain/entities/app_info.dart
DA:5,1
LF:1
LH:1
end_of_record
SF:lib/app/bootstrap/app_router.dart
DA:12,0
DA:19,0
DA:20,0
DA:21,0
DA:22,0
DA:23,0
DA:26,0
DA:27,0
DA:30,0
DA:31,0
DA:34,0
DA:35,0
DA:38,0
DA:39,0
DA:47,1
DA:49,0
DA:51,0
DA:52,0
DA:53,0
DA:54,0
LF:20
LH:1
end_of_record
SF:lib/app/bootstrap/app_widget.dart
DA:22,1
DA:24,0
DA:25,0
DA:34,0
DA:36,0
DA:37,0
DA:38,0
DA:39,0
DA:40,0
DA:41,0
DA:42,0
DA:45,0
DA:47,0
DA:48,0
DA:51,0
DA:53,0
DA:56,0
DA:58,0
DA:59,0
DA:60,0
DA:61,0
DA:62,0
DA:63,0
DA:64,0
DA:65,0
DA:66,0
DA:67,0
DA:68,0
DA:69,0
DA:71,0
DA:72,0
DA:73,0
DA:74,0
LF:33
LH:1
end_of_record
SF:lib/app/di/service_locator.dart
DA:28,0
DA:31,0
DA:36,0
DA:38,0
DA:39,0
DA:40,0
DA:41,0
DA:42,0
DA:44,0
DA:45,0
DA:47,0
DA:49,0
DA:51,0
DA:56,0
DA:57,0
DA:59,0
DA:60,0
DA:62,0
DA:63,0
DA:65,0
DA:66,0
DA:68,0
DA:69,0
DA:71,0
DA:72,0
DA:74,0
DA:75,0
DA:77,0
DA:78,0
DA:83,0
DA:84,0
DA:85,0
DA:86,0
DA:87,0
DA:90,0
DA:91,0
DA:92,0
DA:93,0
DA:94,0
DA:97,0
DA:98,0
DA:99,0
DA:100,0
DA:101,0
DA:102,0
DA:105,0
DA:106,0
DA:108,0
DA:109,0
DA:112,0
LF:50
LH:0
end_of_record
SF:lib/application/usecases/debug/get_debug_settings_usecase.dart
DA:6,0
DA:10,0
DA:11,0
LF:3
LH:0
end_of_record
SF:lib/application/usecases/debug/set_debug_mode_usecase.dart
DA:5,0
DA:9,0
DA:10,0
LF:3
LH:0
end_of_record
SF:lib/application/usecases/debug/set_log_level_usecase.dart
DA:7,0
DA:12,0
DA:13,0
DA:14,0
LF:4
LH:0
end_of_record
SF:lib/application/usecases/language/get_language_preference_usecase.dart
DA:6,0
DA:10,0
LF:2
LH:0
end_of_record
SF:lib/application/usecases/language/set_language_preference_usecase.dart
DA:6,0
DA:10,0
LF:2
LH:0
end_of_record
SF:lib/domain/errors/app_error.dart
DA:3,0
DA:9,0
DA:14,0
DA:20,0
LF:4
LH:0
end_of_record
SF:lib/infrastructure/infrastructure_module.dart
DA:22,0
DA:35,0
DA:36,0
DA:38,0
DA:40,0
DA:41,0
DA:43,0
DA:46,0
DA:47,0
LF:9
LH:0
end_of_record
SF:lib/infrastructure/repositories/package_info_app_info_repository.dart
DA:9,1
DA:11,0
DA:13,0
DA:17,0
DA:18,0
DA:21,0
LF:6
LH:1
end_of_record
SF:lib/infrastructure/repositories/shared_preferences_debug_settings_repository.dart
DA:8,0
DA:15,0
DA:16,0
DA:18,0
DA:20,0
DA:21,0
DA:22,0
DA:23,0
DA:27,0
DA:29,0
DA:31,0
DA:33,0
LF:12
LH:0
end_of_record
SF:lib/main.dart
DA:7,0
DA:8,0
DA:11,0
DA:16,0
DA:22,0
DA:25,0
DA:27,0
LF:7
LH:0
end_of_record
SF:lib/presentation/app_scope.dart
DA:20,0
DA:48,0
DA:49,0
DA:51,0
DA:60,0
DA:62,0
DA:63,0
DA:64,0
DA:65,0
LF:9
LH:0
end_of_record
SF:lib/presentation/l10n/app_localizations.dart
DA:18,1
DA:32,0
DA:33,0
DA:179,1
DA:181,0
DA:182,0
DA:183,0
DA:186,0
DA:188,0
DA:189,0
DA:194,0
LF:11
LH:2
end_of_record
SF:lib/presentation/l10n/app_localizations_en.dart
DA:5,1
DA:8,0
DA:10,0
DA:12,0
DA:14,0
DA:18,0
DA:20,0
DA:22,0
DA:24,0
DA:26,0
DA:30,0
DA:32,0
DA:37,0
DA:39,0
DA:41,0
DA:43,0
DA:45,0
DA:47,0
DA:49,0
DA:51,0
DA:55,0
DA:57,0
DA:59,0
DA:63,0
DA:65,0
DA:67,0
DA:69,0
DA:71,0
DA:73,0
DA:75,0
DA:77,0
DA:79,0
DA:81,0
DA:83,0
DA:85,0
DA:87,0
DA:91,0
DA:93,0
DA:97,0
DA:99,0
DA:101,0
DA:103,0
DA:105,0
DA:107,0
DA:109,0
DA:111,0
DA:113,0
DA:115,0
DA:119,0
DA:121,0
DA:124,0
DA:126,0
DA:128,0
DA:130,0
DA:132,0
DA:134,0
DA:136,0
DA:138,0
DA:140,0
DA:142,0
DA:144,0
DA:146,0
DA:148,0
DA:150,0
DA:152,0
DA:154,0
DA:156,0
DA:158,0
DA:160,0
DA:162,0
DA:164,0
DA:166,0
DA:168,0
DA:170,0
DA:172,0
DA:174,0
DA:176,0
DA:178,0
DA:180,0
DA:184,0
DA:186,0
DA:188,0
DA:190,0
DA:192,0
DA:194,0
DA:196,0
DA:198,0
DA:200,0
DA:202,0
DA:204,0
DA:206,0
DA:208,0
DA:210,0
DA:212,0
DA:214,0
DA:216,0
DA:218,0
DA:222,0
DA:224,0
DA:226,0
DA:228,0
DA:230,0
DA:232,0
DA:234,0
DA:236,0
DA:238,0
DA:242,0
DA:244,0
DA:249,0
DA:251,0
DA:253,0
DA:255,0
DA:257,0
DA:259,0
DA:261,0
DA:263,0
LF:116
LH:1
end_of_record
SF:lib/presentation/l10n/app_localizations_ja.dart
DA:5,1
DA:8,0
DA:10,0
DA:12,0
DA:14,0
DA:18,0
DA:20,0
DA:22,0
DA:24,0
DA:26,0
DA:30,0
DA:32,0
DA:36,0
DA:38,0
DA:40,0
DA:42,0
DA:44,0
DA:46,0
DA:48,0
DA:50,0
DA:54,0
DA:56,0
DA:58,0
DA:62,0
DA:64,0
DA:66,0
DA:68,0
DA:70,0
DA:72,0
DA:74,0
DA:76,0
DA:78,0
DA:80,0
DA:82,0
DA:84,0
DA:86,0
DA:90,0
DA:92,0
DA:96,0
DA:98,0
DA:100,0
DA:102,0
DA:104,0
DA:106,0
DA:108,0
DA:110,0
DA:112,0
DA:114,0
DA:118,0
DA:120,0
DA:122,0
DA:124,0
DA:126,0
DA:128,0
DA:130,0
DA:132,0
DA:134,0
DA:136,0
DA:138,0
DA:140,0
DA:142,0
DA:144,0
DA:146,0
DA:148,0
DA:150,0
DA:152,0
DA:154,0
DA:156,0
DA:158,0
DA:160,0
DA:162,0
DA:164,0
DA:166,0
DA:168,0
DA:170,0
DA:172,0
DA:174,0
DA:176,0
DA:178,0
DA:182,0
DA:184,0
DA:186,0
DA:188,0
DA:190,0
DA:192,0
DA:194,0
DA:196,0
DA:198,0
DA:200,0
DA:202,0
DA:204,0
DA:206,0
DA:208,0
DA:210,0
DA:212,0
DA:214,0
DA:216,0
DA:220,0
DA:222,0
DA:224,0
DA:226,0
DA:228,0
DA:230,0
DA:232,0
DA:234,0
DA:236,0
DA:240,0
DA:242,0
DA:246,0
DA:248,0
DA:250,0
DA:252,0
DA:254,0
DA:256,0
DA:258,0
DA:260,0
LF:116
LH:1
end_of_record
SF:lib/presentation/licenses/app_license_registry.dart
DA:10,0
DA:13,0
DA:14,0
DA:17,0
LF:4
LH:0
end_of_record
SF:lib/presentation/pages/main_page.dart
DA:14,1
DA:16,0
DA:17,0
DA:23,0
DA:25,0
DA:26,0
DA:27,0
DA:28,0
DA:32,0
DA:33,0
DA:37,0
DA:38,0
DA:43,0
DA:45,0
DA:46,0
DA:48,0
DA:51,0
DA:52,0
DA:53,0
DA:54,0
DA:55,0
DA:57,0
DA:58,0
DA:61,0
DA:62,0
DA:64,0
DA:65,0
DA:69,0
DA:70,0
DA:71,0
DA:72,0
DA:74,0
DA:75,0
DA:76,0
DA:78,0
DA:79,0
DA:80,0
DA:82,0
DA:83,0
DA:84,0
DA:85,0
DA:88,0
DA:89,0
DA:91,0
DA:92,0
DA:93,0
DA:94,0
DA:97,0
DA:98,0
DA:100,0
DA:101,0
DA:102,0
DA:103,0
DA:108,0
DA:109,0
DA:110,0
DA:112,0
DA:113,0
DA:114,0
DA:117,0
DA:118,0
DA:120,0
DA:121,0
DA:122,0
DA:125,0
DA:126,0
DA:127,0
DA:129,0
DA:130,0
DA:131,0
DA:134,0
DA:135,0
DA:137,0
DA:138,0
DA:139,0
DA:140,0
DA:149,0
DA:150,0
DA:151,0
DA:152,0
DA:153,0
DA:155,0
DA:156,0
DA:157,0
DA:158,0
DA:159,0
DA:162,0
DA:168,0
DA:169,0
DA:170,0
DA:171,0
DA:172,0
DA:181,1
DA:183,0
DA:185,0
DA:186,0
DA:188,0
DA:189,0
DA:190,0
DA:194,0
DA:195,0
DA:197,0
DA:198,0
DA:200,0
DA:203,0
DA:204,0
DA:205,0
DA:211,0
DA:213,0
DA:214,0
DA:215,0
DA:219,0
DA:220,0
DA:221,0
DA:225,0
DA:226,0
DA:227,0
DA:230,0
DA:231,0
DA:232,0
DA:234,0
DA:237,0
DA:238,0
DA:239,0
DA:241,0
DA:249,1
DA:251,0
DA:253,0
DA:254,0
DA:256,0
DA:257,0
DA:258,0
DA:259,0
DA:260,0
DA:264,0
DA:272,1
DA:274,0
DA:276,0
DA:277,0
DA:278,0
DA:279,0
DA:280,0
DA:281,0
DA:283,0
DA:284,0
DA:287,0
DA:289,0
DA:291,0
DA:292,0
DA:293,0
DA:294,0
DA:295,0
DA:298,0
DA:299,0
DA:302,0
DA:303,0
DA:306,0
DA:307,0
DA:310,0
DA:311,0
DA:314,0
DA:315,0
DA:323,0
DA:325,0
DA:327,0
DA:328,0
DA:329,0
DA:330,0
DA:331,0
DA:334,0
DA:335,0
DA:338,0
DA:339,0
DA:342,0
DA:343,0
DA:346,0
DA:347,0
DA:350,0
DA:351,0
DA:358,0
DA:360,0
DA:361,0
DA:364,0
DA:366,0
DA:368,0
DA:370,0
DA:371,0
DA:372,0
DA:373,0
DA:374,0
DA:375,0
DA:376,0
DA:378,0
DA:380,0
DA:381,0
DA:382,0
DA:384,0
DA:385,0
DA:386,0
DA:394,0
DA:395,0
DA:396,0
DA:406,0
DA:407,0
DA:409,0
DA:410,0
DA:413,0
DA:414,0
DA:416,0
DA:418,0
DA:420,0
DA:421,0
DA:422,0
DA:424,0
DA:425,0
DA:427,0
DA:428,0
DA:432,0
DA:433,0
DA:435,0
DA:436,0
DA:449,0
DA:463,0
DA:465,0
DA:466,0
DA:467,0
DA:468,0
DA:469,0
DA:470,0
DA:472,0
DA:473,0
DA:474,0
DA:475,0
DA:480,0
DA:481,0
DA:483,0
DA:485,0
DA:495,0
DA:509,0
DA:511,0
DA:512,0
DA:513,0
DA:514,0
DA:515,0
DA:516,0
DA:518,0
DA:519,0
DA:520,0
DA:521,0
DA:526,0
DA:527,0
DA:529,0
DA:531,0
DA:541,0
DA:546,0
DA:548,0
DA:549,0
DA:550,0
DA:551,0
DA:552,0
DA:553,0
DA:554,0
DA:555,0
DA:557,0
DA:558,0
DA:559,0
DA:560,0
DA:561,0
DA:563,0
DA:564,0
DA:566,0
DA:567,0
DA:570,0
DA:571,0
DA:572,0
DA:574,0
DA:585,0
LF:277
LH:4
end_of_record
SF:lib/presentation/pages/system/about_page.dart
DA:13,1
DA:15,0
DA:16,0
DA:25,0
DA:27,0
DA:28,0
DA:29,0
DA:30,0
DA:31,0
DA:32,0
DA:35,0
DA:37,0
DA:38,0
DA:41,0
DA:42,0
DA:45,0
DA:46,0
DA:47,0
DA:48,0
DA:51,0
DA:52,0
DA:53,0
DA:54,0
DA:55,0
DA:56,0
DA:57,0
DA:61,0
DA:63,0
DA:64,0
DA:66,0
DA:67,0
DA:68,0
DA:69,0
DA:70,0
DA:71,0
DA:72,0
DA:74,0
DA:79,0
DA:80,0
DA:81,0
DA:82,0
DA:84,0
DA:86,0
DA:87,0
DA:90,0
DA:91,0
DA:94,0
DA:97,0
DA:102,0
DA:103,0
DA:105,0
DA:109,0
DA:110,0
DA:112,0
DA:113,0
DA:119,0
DA:120,0
DA:121,0
DA:122,0
DA:123,0
DA:124,0
DA:125,0
DA:128,0
DA:130,0
DA:132,0
DA:133,0
DA:134,0
DA:137,0
DA:139,0
DA:140,0
DA:141,0
DA:152,0
DA:156,0
DA:158,0
DA:160,0
DA:161,0
DA:162,0
DA:163,0
DA:164,0
DA:167,0
DA:175,0
DA:185,0
DA:187,0
DA:189,0
DA:190,0
LF:85
LH:1
end_of_record
SF:lib/presentation/pages/system/debug_page.dart
DA:14,1
DA:16,0
DA:17,0
DA:23,0
DA:25,0
DA:26,0
DA:27,0
DA:28,0
DA:29,0
DA:30,0
DA:33,0
DA:35,0
DA:36,0
DA:39,0
DA:40,0
DA:43,0
DA:45,0
DA:46,0
DA:47,0
DA:48,0
DA:49,0
DA:50,0
DA:51,0
DA:53,0
DA:54,0
DA:58,0
DA:60,0
DA:62,0
DA:64,0
DA:67,0
DA:69,0
DA:70,0
DA:73,0
DA:74,0
DA:75,0
DA:76,0
DA:87,0
DA:89,0
DA:90,0
DA:91,0
DA:92,0
DA:93,0
DA:95,0
DA:100,0
DA:102,0
DA:103,0
DA:104,0
DA:105,0
DA:106,0
DA:107,0
DA:108,0
DA:109,0
DA:112,0
DA:113,0
DA:114,0
DA:115,0
DA:117,0
DA:118,0
DA:121,0
DA:122,0
DA:124,0
DA:128,0
DA:129,0
DA:130,0
DA:136,0
DA:137,0
DA:138,0
DA:146,0
DA:148,0
DA:149,0
DA:151,0
DA:152,0
DA:153,0
DA:157,0
DA:158,0
DA:160,0
DA:163,0
DA:164,0
DA:166,0
DA:173,0
DA:174,0
DA:175,0
DA:176,0
DA:177,0
DA:178,0
DA:179,0
DA:180,0
DA:181,0
DA:182,0
DA:183,0
DA:184,0
DA:185,0
DA:186,0
DA:188,0
DA:189,0
DA:190,0
DA:191,0
DA:192,0
DA:193,0
DA:194,0
DA:202,0
DA:203,0
DA:205,0
DA:206,0
DA:207,0
DA:208,0
DA:209,0
DA:210,0
DA:211,0
DA:212,0
DA:213,0
DA:214,0
DA:215,0
DA:216,0
DA:219,0
DA:220,0
DA:221,0
DA:222,0
DA:223,0
DA:226,0
DA:227,0
DA:228,0
DA:229,0
DA:230,0
DA:231,0
DA:232,0
DA:233,0
DA:234,0
DA:235,0
DA:236,0
DA:238,0
DA:239,0
DA:240,0
DA:245,0
DA:250,0
DA:260,0
DA:262,0
DA:264,0
DA:265,0
DA:267,0
DA:268,0
DA:269,0
DA:270,0
DA:275,0
DA:277,0
DA:278,0
DA:279,0
DA:280,0
DA:290,0
DA:292,0
DA:293,0
DA:294,0
DA:295,0
DA:296,0
LF:154
LH:1
end_of_record
SF:lib/presentation/pages/system/logs_page.dart
DA:15,1
DA:17,0
DA:18,0
DA:23,0
DA:25,0
DA:27,0
DA:28,0
DA:30,0
DA:31,0
DA:32,0
DA:33,0
DA:34,0
DA:36,0
DA:37,0
DA:39,0
DA:41,0
DA:42,0
DA:46,0
DA:47,0
DA:48,0
DA:49,0
DA:50,0
DA:53,0
DA:54,0
DA:55,0
DA:56,0
DA:59,0
DA:63,0
DA:64,0
DA:65,0
DA:66,0
DA:74,0
DA:75,0
DA:76,0
DA:77,0
DA:79,0
DA:80,0
DA:81,0
DA:84,0
DA:85,0
DA:86,0
DA:87,0
DA:88,0
DA:89,0
DA:90,0
DA:91,0
DA:92,0
DA:93,0
DA:94,0
DA:96,0
DA:97,0
DA:98,0
DA:103,0
DA:104,0
DA:105,0
DA:106,0
DA:107,0
DA:108,0
DA:109,0
DA:118,0
DA:123,0
DA:125,0
DA:126,0
DA:127,0
DA:128,0
DA:129,0
DA:130,0
DA:131,0
DA:132,0
DA:134,0
DA:140,0
DA:142,0
DA:143,0
DA:145,0
DA:147,0
DA:148,0
DA:152,0
DA:159,0
DA:169,0
DA:171,0
DA:172,0
DA:173,0
DA:174,0
DA:175,0
DA:176,0
DA:177,0
DA:178,0
DA:179,0
DA:181,0
DA:182,0
DA:191,0
DA:195,0
DA:196,0
DA:197,0
DA:198,0
DA:199,0
DA:200,0
DA:201,0
DA:202,0
DA:206,0
DA:208,0
DA:209,0
DA:211,0
DA:212,0
DA:213,0
DA:214,0
DA:215,0
DA:218,0
DA:223,0
DA:225,0
DA:227,0
DA:231,0
DA:232,0
DA:235,0
DA:236,0
DA:237,0
DA:244,0
DA:245,0
DA:247,0
DA:248,0
DA:249,0
DA:250,0
DA:252,0
DA:253,0
DA:254,0
DA:255,0
DA:256,0
DA:263,0
DA:265,0
DA:266,0
DA:275,0
DA:276,0
DA:277,0
DA:278,0
DA:279,0
LF:135
LH:1
end_of_record
SF:lib/presentation/viewmodels/about_viewmodel.dart
DA:15,0
DA:24,0
DA:25,0
DA:26,0
DA:28,0
DA:29,0
DA:30,0
DA:31,0
DA:32,0
DA:35,0
DA:36,0
DA:37,0
DA:38,0
DA:40,0
DA:41,0
DA:46,0
DA:47,0
DA:53,0
LF:18
LH:0
end_of_record
SF:lib/presentation/viewmodels/debug_settings_viewmodel.dart
DA:15,0
DA:21,0
DA:22,0
DA:23,0
DA:24,0
DA:25,0
DA:37,0
DA:38,0
DA:40,0
DA:41,0
DA:42,0
DA:43,0
DA:44,0
DA:47,0
DA:48,0
DA:49,0
DA:50,0
DA:51,0
LF:18
LH:0
end_of_record
SF:lib/presentation/viewmodels/debug_viewmodel.dart
DA:15,0
DA:24,0
DA:25,0
DA:26,0
DA:28,0
DA:29,0
DA:30,0
DA:31,0
DA:32,0
DA:35,0
DA:36,0
DA:37,0
DA:38,0
DA:39,0
DA:44,0
DA:45,0
DA:51,0
DA:55,0
DA:56,0
DA:57,0
DA:58,0
LF:21
LH:0
end_of_record
SF:lib/presentation/viewmodels/language_viewmodel.dart
DA:11,0
DA:16,0
DA:17,0
DA:26,0
DA:30,0
DA:31,0
DA:32,0
DA:33,0
DA:36,0
DA:37,0
DA:38,0
DA:39,0
DA:40,0
DA:41,0
LF:14
LH:0
end_of_record
SF:lib/presentation/widgets/ui/app_card.dart
DA:6,0
DA:19,0
DA:21,0
DA:22,0
DA:23,0
DA:24,0
DA:25,0
DA:27,0
DA:29,0
DA:30,0
DA:41,0
DA:56,0
DA:58,0
DA:60,0
DA:61,0
DA:62,0
DA:63,0
DA:64,0
DA:66,0
DA:68,0
DA:69,0
LF:21
LH:0
end_of_record
SF:lib/presentation/widgets/ui/app_drawer.dart
DA:7,0
DA:22,0
DA:24,0
DA:25,0
DA:26,0
DA:27,0
DA:28,0
DA:29,0
DA:30,0
DA:31,0
DA:33,0
DA:36,0
DA:37,0
DA:39,0
DA:41,0
DA:45,0
DA:47,0
DA:48,0
DA:58,0
DA:70,0
DA:72,0
DA:79,0
DA:80,0
DA:81,0
DA:82,0
DA:84,0
DA:85,0
DA:86,0
DA:87,0
DA:88,0
DA:89,0
DA:90,0
DA:96,0
DA:98,0
DA:99,0
DA:108,0
DA:111,0
DA:113,0
DA:115,0
DA:122,0
DA:123,0
DA:124,0
DA:125,0
DA:126,0
DA:127,0
DA:128,0
DA:131,0
DA:132,0
DA:133,0
DA:134,0
DA:135,0
DA:138,0
DA:139,0
DA:146,0
DA:152,0
DA:161,1
LF:56
LH:1
end_of_record
SF:lib/presentation/widgets/ui/app_footer.dart
DA:9,0
DA:13,0
DA:15,0
DA:16,0
DA:17,0
DA:18,0
DA:19,0
DA:21,0
DA:26,0
DA:29,0
DA:30,0
DA:31,0
DA:32,0
DA:33,0
DA:34,0
DA:35,0
DA:36,0
DA:42,0
DA:51,0
DA:58,0
DA:60,0
DA:62,0
DA:63,0
DA:64,0
DA:65,0
DA:66,0
DA:67,0
DA:69,0
DA:70,0
DA:71,0
LF:30
LH:0
end_of_record
SF:lib/presentation/widgets/ui/app_header.dart
DA:6,0
DA:19,0
DA:21,0
DA:23,0
DA:25,0
DA:26,0
DA:27,0
DA:28,0
DA:29,0
DA:30,0
DA:31,0
DA:32,0
DA:33,0
DA:40,0
DA:53,0
DA:55,0
DA:60,0
DA:61,0
DA:62,0
DA:63,0
DA:65,0
DA:66,0
DA:67,0
DA:68,0
DA:72,0
DA:73,0
LF:26
LH:0
end_of_record
SF:lib/presentation/widgets/ui/app_license_launcher.dart
DA:11,0
DA:12,0
DA:22,1
DA:24,0
DA:26,0
DA:28,0
LF:6
LH:1
end_of_record
SF:lib/presentation/widgets/ui/app_primary_button.dart
DA:6,0
DA:21,0
DA:23,0
DA:24,0
DA:27,0
DA:29,0
DA:30,0
DA:34,0
DA:35,0
DA:37,0
DA:38,0
DA:40,0
DA:43,0
DA:45,0
DA:46,0
DA:48,0
DA:49,0
DA:58,0
DA:73,0
DA:75,0
DA:76,0
DA:79,0
DA:81,0
DA:82,0
DA:86,0
DA:87,0
DA:89,0
DA:90,0
DA:92,0
DA:95,0
DA:97,0
DA:98,0
DA:100,0
DA:101,0
LF:34
LH:0
end_of_record
SF:lib/presentation/widgets/ui/app_state_views.dart
DA:8,1
DA:11,0
DA:13,0
DA:14,0
DA:16,0
DA:17,0
DA:18,0
DA:20,0
DA:22,0
DA:32,0
DA:45,0
DA:47,0
DA:48,0
DA:50,0
DA:52,0
DA:53,0
DA:56,0
DA:59,0
DA:60,0
DA:61,0
DA:64,0
DA:66,0
DA:67,0
DA:68,0
DA:80,0
DA:93,0
DA:95,0
DA:96,0
DA:98,0
DA:100,0
DA:101,0
DA:102,0
DA:104,0
DA:107,0
DA:108,0
DA:109,0
DA:110,0
DA:114,0
DA:116,0
LF:39
LH:1
end_of_record
SF:lib/presentation/widgets/ui/app_text_field.dart
DA:5,0
DA:40,0
DA:42,0
DA:43,0
DA:44,0
DA:45,0
DA:46,0
DA:47,0
DA:48,0
DA:49,0
DA:50,0
DA:51,0
DA:53,0
DA:54,0
DA:55,0
DA:56,0
DA:57,0
DA:58,0
DA:59,0
LF:19
LH:0
end_of_record
SF:lib/shared/build_info.dart
DA:7,0
LF:1
LH:0
end_of_record
